<?xml version="1.0" encoding="UTF-8"?>
<testng-results skipped="0" failed="0" ignored="0" total="1" passed="1">
  <reporter-output>
  </reporter-output>
  <suite name="Default suite" duration-ms="884" started-at="2019-05-10T11:07:41Z" finished-at="2019-05-10T11:07:42Z">
    <groups>
      <group name="cucumber">
        <method signature="AbstractTestNGCucumberTests.feature(cucumber.api.testng.CucumberFeatureWrapper)[pri:0, instance:runner.Runner@59fa1d9b]" name="feature" class="cucumber.api.testng.AbstractTestNGCucumberTests"/>
      </group> <!-- cucumber -->
    </groups>
    <test name="Default test" duration-ms="884" started-at="2019-05-10T11:07:41Z" finished-at="2019-05-10T11:07:42Z">
      <class name="runner.Runner">
        <test-method status="PASS" signature="setUpClass()[pri:0, instance:runner.Runner@59fa1d9b]" name="setUpClass" is-config="true" duration-ms="528" started-at="2019-05-10T11:07:41Z" finished-at="2019-05-10T11:07:42Z">
          <reporter-output>
          </reporter-output>
        </test-method> <!-- setUpClass -->
        <test-method status="PASS" signature="feature(cucumber.api.testng.CucumberFeatureWrapper)[pri:0, instance:runner.Runner@59fa1d9b]" name="feature" duration-ms="30" started-at="2019-05-10T11:07:42Z" description="Runs Cucumber Feature" data-provider="features" finished-at="2019-05-10T11:07:42Z">
          <params>
            <param index="0">
              <value>
                <![CDATA[Login feature]]>
              </value>
            </param>
          </params>
          <reporter-output>
          </reporter-output>
        </test-method> <!-- feature -->
        <test-method status="PASS" signature="tearDownClass()[pri:0, instance:runner.Runner@59fa1d9b]" name="tearDownClass" is-config="true" duration-ms="21" started-at="2019-05-10T11:07:42Z" finished-at="2019-05-10T11:07:42Z">
          <reporter-output>
          </reporter-output>
        </test-method> <!-- tearDownClass -->
      </class> <!-- runner.Runner -->
    </test> <!-- Default test -->
  </suite> <!-- Default suite -->
</testng-results>
